0	1	mikroCARM.exe -MSF -DBG -pSTM32F407VG -BIN -LHF -DL -SSA -O11111114 -fo16 -N"E:\gps 3\Bluetooth_App\Bluetooth_click.mcpar" -SP"E:\mikroC PRO for ARM\Defs\" -SP"E:\mikroC PRO for ARM\Uses\ST M4\" -SP"E:\gps 3\Bluetooth_App\" -IP"E:\mikroC PRO for ARM\Uses\ST M4\" -IP"E:\gps 3\Bluetooth_App\" "Bluetooth_click.c" "BT_Routines.c" "TFT_driver.c" "TFT_events_code.c" "TFT_resources.c" "__Lib_Math.emcl" "__Lib_MathDouble.emcl" "__Lib_Delays.emcl" "__Lib_System_4XX.emcl" "__Lib_GPIO_32F4xx_Defs.emcl" "__Lib_GPIO_32F4xx.emcl" "__Lib_CString.emcl" "__Lib_Conversions.emcl" "__Lib_Button.emcl" "__Lib_ADC_123_32F20x_16ch.emcl" "__Lib_UART_123_45_6.emcl" "__Lib_TFT.emcl" "__Lib_TFT_Defs.emcl"	 
diagnostics: 0	122	Compilation Started	bt_routines.h
hint: 0	1004	interrupt handler (interrupt at 0x0037)	Bluetooth_click.c
hint: 0	1004	interrupt handler (Timer2_interrupt at 0x002C)	Bluetooth_click.c
diagnostics: 336	123	Compiled Successfully	Bluetooth_click.c
diagnostics: 0	122	Compilation Started	BT_Routines.c
diagnostics: 51	123	Compiled Successfully	BT_Routines.c
diagnostics: 0	122	Compilation Started	tft_objects.h
hint: 93	1163	Variable 'save_bled_direction' has been declared, but not used	TFT_driver.c
diagnostics: 144	123	Compiled Successfully	TFT_driver.c
diagnostics: 0	122	Compilation Started	tft_objects.h
diagnostics: 1	123	Compiled Successfully	tft_resources.h
diagnostics: 0	122	Compilation Started	TFT_resources.c
diagnostics: 3816	123	Compiled Successfully	TFT_resources.c
diagnostics: 0	127	All files Compiled in 985 ms	 
hint: 0	1144	Used RX: 16 (100%)   Free RX: 0 (0%)	Used RX: 16 (100%)   Free RX: 0 (0%)
hint: 0	1144	Static RAM (bytes): 540   Dynamic RAM (bytes): 130529	Static RAM (bytes): 540   Dynamic RAM (bytes): 130529
hint: 0	1144	Used ROM (bytes): 86518 (8%)  Free ROM (bytes): 962058 (92%)	Used ROM (bytes): 86518 (8%)  Free ROM (bytes): 962058 (92%)
diagnostics: 0	125	Project Linked Successfully	Bluetooth_click.mcpar
diagnostics: 0	128	Linked in 890 ms	 
diagnostics: 0	129	Project 'Bluetooth_click.mcpar' completed: 2203 ms	 
diagnostics: 0	103	Finished successfully: 05 Feb 2019, 20:49:33	Bluetooth_click.mcpar
